<?xml version="1.0" encoding="UTF-8"?>
<!-- Generated by org.testng.reporters.JUnitReportReporter -->
<testsuite hostname="Pratik-Lapi" failures="0" tests="6" name="hotstarTesting.ValidateTVTab" time="13.471" errors="0" timestamp="2022-07-03T09:43:13 IST" skipped="0">
  <testcase classname="hotstarTesting.ValidateTVTab" name="validateTV" time="1.253"/>
  <system-out/>
  <testcase classname="hotstarTesting.ValidateTVTab" name="validateOtherShows" time="2.909"/>
  <system-out/>
  <testcase classname="hotstarTesting.ValidateTVTab" name="validateHotstarSpecials" time="1.955"/>
  <system-out/>
  <testcase classname="hotstarTesting.ValidateTVTab" name="validateQuix" time="1.564"/>
  <system-out/>
  <testcase classname="hotstarTesting.ValidateTVTab" name="validateMore" time="1.965"/>
  <system-out/>
  <testcase classname="hotstarTesting.ValidateTVTab" name="takeScreenshot" time="3.825"/>
  <system-out/>
</testsuite> <!-- hotstarTesting.ValidateTVTab -->
