<?xml version="1.0" encoding="UTF-8"?>
<!-- Generated by org.testng.reporters.JUnitReportReporter -->
<testsuite hostname="Pratik-Lapi" failures="0" tests="1" name="hotstarTesting.ValidateLogin$LoginTest" time="6.138" errors="0" timestamp="2022-07-03T09:43:13 IST" skipped="0">
  <testcase classname="hotstarTesting.ValidateLogin$LoginTest" name="validateLogin" time="6.138"/>
  <system-out/>
</testsuite> <!-- hotstarTesting.ValidateLogin$LoginTest -->
