<?xml version="1.0" encoding="UTF-8"?>
<!-- Generated by org.testng.reporters.JUnitReportReporter -->
<testsuite hostname="Pratik-Lapi" failures="0" tests="1" name="orangeHRMTest.AdminValidation" time="2.336" errors="0" timestamp="2022-07-05T08:39:13 IST" skipped="0">
  <testcase classname="orangeHRMTest.AdminValidation" name="validateHomePage" time="2.336"/>
  <system-out/>
</testsuite> <!-- orangeHRMTest.AdminValidation -->
