<?xml version="1.0" encoding="UTF-8"?>
<!-- Generated by org.testng.reporters.JUnitReportReporter -->
<testsuite hostname="Pratik-Lapi" failures="0" tests="6" name="hotstarTesting.ValidateHeader" time="17.688" errors="0" timestamp="2022-07-05T08:05:23 IST" skipped="0">
  <testcase classname="hotstarTesting.ValidateHeader" name="validateOptionTab" time="1.569"/>
  <system-out/>
  <testcase classname="hotstarTesting.ValidateHeader" name="validateGenresTab" time="1.247"/>
  <system-out/>
  <testcase classname="hotstarTesting.ValidateHeader" name="validateChannels" time="2.809"/>
  <system-out/>
  <testcase classname="hotstarTesting.ValidateHeader" name="validateLanguages" time="0.234"/>
  <system-out/>
  <testcase classname="hotstarTesting.ValidateHeader" name="ValidateOtherTabs" time="5.202"/>
  <system-out/>
  <testcase classname="hotstarTesting.ValidateHeader" name="takeScreenshot" time="6.627"/>
  <system-out/>
</testsuite> <!-- hotstarTesting.ValidateHeader -->
