<?xml version="1.0" encoding="UTF-8"?>
<!-- Generated by org.testng.reporters.JUnitReportReporter -->
<testsuite hostname="Pratik-Lapi" failures="0" tests="3" name="hotstarTesting.ValidateLogos" time="11.192" errors="0" timestamp="2022-07-03T09:43:13 IST" skipped="0">
  <testcase classname="hotstarTesting.ValidateLogos" name="validateKidsLogo" time="5.199"/>
  <system-out/>
  <testcase classname="hotstarTesting.ValidateLogos" name="validateDisneyTab" time="3.757"/>
  <system-out/>
  <testcase classname="hotstarTesting.ValidateLogos" name="validateDisneyLogo" time="2.236"/>
  <system-out/>
</testsuite> <!-- hotstarTesting.ValidateLogos -->
